#
# There is insufficient memory for the Java Runtime Environment to continue.
# Native memory allocation (malloc) failed to allocate 1480656 bytes for Chunk::new
# Possible reasons:
#   The system is out of physical RAM or swap space
#   The process is running with CompressedOops enabled, and the Java Heap may be blocking the growth of the native heap
# Possible solutions:
#   Reduce memory load on the system
#   Increase physical memory or swap space
#   Check if swap backing store is full
#   Decrease Java heap size (-Xmx/-Xms)
#   Decrease number of Java threads
#   Decrease Java thread stack sizes (-Xss)
#   Set larger code cache with -XX:ReservedCodeCacheSize=
#   JVM is running with Zero Based Compressed Oops mode in which the Java heap is
#     placed in the first 32GB address space. The Java Heap base address is the
#     maximum limit for the native heap growth. Please use -XX:HeapBaseMinAddress
#     to set the Java Heap base and to place the Java Heap above 32GB virtual address.
# This output file may be truncated or incomplete.
#
#  Out of Memory Error (arena.cpp:189), pid=156, tid=2300
#
# JRE version: Java(TM) SE Runtime Environment (17.0.8+9) (build 17.0.8+9-LTS-211)
# Java VM: Java HotSpot(TM) 64-Bit Server VM (17.0.8+9-LTS-211, mixed mode, sharing, tiered, compressed oops, compressed class ptrs, g1 gc, windows-amd64)
# No core dump will be written. Minidumps are not enabled by default on client versions of Windows
#

---------------  S U M M A R Y ------------

Command Line: -Dclassworlds.conf=C:\Program Files\NetBeans-19\netbeans\java\maven\bin\m2.conf -Dmaven.home=C:\Program Files\NetBeans-19\netbeans\java\maven -Dlibrary.jansi.path=C:\Program Files\NetBeans-19\netbeans\java\maven\lib\jansi-native -Dmaven.multiModuleProjectDirectory=C:\Users\Alina\Documents\NetBeansProjects\Electrocasnice org.codehaus.plexus.classworlds.launcher.Launcher -Dexec.vmArgs= -Dexec.args=${exec.vmArgs} -classpath %classpath ${exec.mainClass} ${exec.appArgs} -Dexec.executable=C:\Program Files\Java\jdk-17\bin\java.exe -Dexec.mainClass=com.mycompany.electrocasnice.TestElectrocasnice -Dexec.classpathScope=runtime -Dexec.appArgs= -Dmaven.ext.class.path=C:\Program Files\NetBeans-19\netbeans\java\maven-nblib\netbeans-eventspy.jar -Dfile.encoding=UTF-8 --no-transfer-progress process-classes org.codehaus.mojo:exec-maven-plugin:3.1.0:exec

Host: AMD Ryzen 3 3100 4-Core Processor              , 8 cores, 15G,  Windows 10 , 64 bit Build 19041 (10.0.19041.3570)
Time: Thu Nov  9 11:43:43 2023 GTB, ors 10 , 64 bit Build 19041 (10.0.19041.3570) elapsed time: 1.036164 seconds (0d 0h 0m 1s)

---------------  T H R E A D  ---------------

Current thread (0x00000196f6d5fef0):  JavaThread "C2 CompilerThread2" daemon [_thread_in_native, id=2300, stack(0x00000009ee800000,0x00000009ee900000)]


Current CompileTask:
C2:   1036 1811   !   4       java.net.URL::<init> (543 bytes)

Stack: [0x00000009ee800000,0x00000009ee900000]
Native frames: (J=compiled Java code, j=interpreted, Vv=VM code, C=native code)
V  [jvm.dll+0x677d0a]
V  [jvm.dll+0x7d8c54]
V  [jvm.dll+0x7da3fe]
V  [jvm.dll+0x7daa63]
V  [jvm.dll+0x245c5f]
V  [jvm.dll+0xaaa6b]
V  [jvm.dll+0xab00c]
V  [jvm.dll+0x361e3f]
V  [jvm.dll+0x32c551]
V  [jvm.dll+0x32b9ea]
V  [jvm.dll+0x217fff]
V  [jvm.dll+0x217431]
V  [jvm.dll+0x1a3af0]
V  [jvm.dll+0x2270be]
V  [jvm.dll+0x22535b]
V  [jvm.dll+0x78e7bc]
V  [jvm.dll+0x788bba]
V  [jvm.dll+0x676b35]
C  [ucrtbase.dll+0x21bb2]
C  [KERNEL32.DLL+0x17344]
C  [ntdll.dll+0x526b1]


---------------  P R O C E S S  ---------------

Threads class SMR info:
_java_thread_list=0x00000196f6a398d0, length=14, elements={
0x00000196cf051c00, 0x00000196f1e2e1b0, 0x00000196f1e2ef30, 0x00000196f1e420c0,
0x00000196f1e42b80, 0x00000196f1e45550, 0x00000196f1e45e10, 0x00000196f1e46ab0,
0x00000196f1e47460, 0x00000196f1e4d270, 0x00000196f6120140, 0x00000196f612ba90,
0x00000196f6410060, 0x00000196f6d5fef0
}

Java Threads: ( => current thread )
  0x00000196cf051c00 JavaThread "main" [_thread_in_vm, id=15596, stack(0x00000009ed400000,0x00000009ed500000)]
  0x00000196f1e2e1b0 JavaThread "Reference Handler" daemon [_thread_blocked, id=16712, stack(0x00000009edb00000,0x00000009edc00000)]
  0x00000196f1e2ef30 JavaThread "Finalizer" daemon [_thread_blocked, id=17212, stack(0x00000009edc00000,0x00000009edd00000)]
  0x00000196f1e420c0 JavaThread "Signal Dispatcher" daemon [_thread_blocked, id=14296, stack(0x00000009edd00000,0x00000009ede00000)]
  0x00000196f1e42b80 JavaThread "Attach Listener" daemon [_thread_blocked, id=5664, stack(0x00000009ede00000,0x00000009edf00000)]
  0x00000196f1e45550 JavaThread "Service Thread" daemon [_thread_blocked, id=13416, stack(0x00000009edf00000,0x00000009ee000000)]
  0x00000196f1e45e10 JavaThread "Monitor Deflation Thread" daemon [_thread_blocked, id=8044, stack(0x00000009ee000000,0x00000009ee100000)]
  0x00000196f1e46ab0 JavaThread "C2 CompilerThread0" daemon [_thread_blocked, id=14944, stack(0x00000009ee100000,0x00000009ee200000)]
  0x00000196f1e47460 JavaThread "C1 CompilerThread0" daemon [_thread_blocked, id=19536, stack(0x00000009ee200000,0x00000009ee300000)]
  0x00000196f1e4d270 JavaThread "Sweeper thread" daemon [_thread_blocked, id=18192, stack(0x00000009ee300000,0x00000009ee400000)]
  0x00000196f6120140 JavaThread "Notification Thread" daemon [_thread_blocked, id=4604, stack(0x00000009ee400000,0x00000009ee500000)]
  0x00000196f612ba90 JavaThread "Common-Cleaner" daemon [_thread_blocked, id=16676, stack(0x00000009ee600000,0x00000009ee700000)]
  0x00000196f6410060 JavaThread "C2 CompilerThread1" daemon [_thread_blocked, id=1944, stack(0x00000009ee700000,0x00000009ee800000)]
=>0x00000196f6d5fef0 JavaThread "C2 CompilerThread2" daemon [_thread_in_native, id=2300, stack(0x00000009ee800000,0x00000009ee900000)]

Other Threads:
  0x00000196f1e296a0 VMThread "VM Thread" [stack: 0x00000009eda00000,0x00000009edb00000] [id=13320]
  0x00000196cf0d9250 WatcherThread [stack: 0x00000009ee500000,0x00000009ee600000] [id=10300]
  0x00000196cf0bc790 GCTaskThread "GC Thread#0" [stack: 0x00000009ed500000,0x00000009ed600000] [id=9352]
  0x00000196f69ac5c0 GCTaskThread "GC Thread#1" [stack: 0x00000009ee900000,0x00000009eea00000] [id=8672]
  0x00000196f6264c30 GCTaskThread "GC Thread#2" [stack: 0x00000009eea00000,0x00000009eeb00000] [id=12448]
  0x00000196f66488b0 GCTaskThread "GC Thread#3" [stack: 0x00000009eeb00000,0x00000009eec00000] [id=7220]
  0x00000196f7002470 GCTaskThread "GC Thread#4" [stack: 0x00000009eec00000,0x00000009eed00000] [id=19548]
  0x00000196f7002720 GCTaskThread "GC Thread#5" [stack: 0x00000009eed00000,0x00000009eee00000] [id=13008]
  0x00000196f6b1e880 GCTaskThread "GC Thread#6" [stack: 0x00000009eee00000,0x00000009eef00000] [id=1300]
  0x00000196f70876f0 GCTaskThread "GC Thread#7" [stack: 0x00000009eef00000,0x00000009ef000000] [id=7256]
  0x00000196cf0d0550 ConcurrentGCThread "G1 Main Marker" [stack: 0x00000009ed600000,0x00000009ed700000] [id=14384]
  0x00000196cf0d0e70 ConcurrentGCThread "G1 Conc#0" [stack: 0x00000009ed700000,0x00000009ed800000] [id=5096]
  0x00000196cf127600 ConcurrentGCThread "G1 Refine#0" [stack: 0x00000009ed800000,0x00000009ed900000] [id=17952]
  0x00000196cf127f30 ConcurrentGCThread "G1 Service" [stack: 0x00000009ed900000,0x00000009eda00000] [id=19332]

Threads with active compile tasks:
C2 CompilerThread2     1063 1811   !   4       java.net.URL::<init> (543 bytes)

VM state: not at safepoint (normal execution)

VM Mutex/Monitor currently owned by a thread: None

Heap address: 0x0000000700c00000, size: 4084 MB, Compressed Oops mode: Zero based, Oop shift amount: 3

CDS archive(s) mapped at: [0x0000019680000000-0x0000019680bd0000-0x0000019680bd0000), size 12386304, SharedBaseAddress: 0x0000019680000000, ArchiveRelocationMode: 1.
Compressed class space mapped at: 0x0000019681000000-0x00000196c1000000, reserved size: 1073741824
Narrow klass base: 0x0000019680000000, Narrow klass shift: 0, Narrow klass range: 0x100000000

GC Precious Log:
 CPUs: 8 total, 8 available
 Memory: 16332M
 Large Page Support: Disabled
 NUMA Support: Disabled
 Compressed Oops: Enabled (Zero based)
 Heap Region Size: 2M
 Heap Min Capacity: 8M
 Heap Initial Capacity: 256M
 Heap Max Capacity: 4084M
 Pre-touch: Disabled
 Parallel Workers: 8
 Concurrent Workers: 2
 Concurrent Refinement Workers: 8
 Periodic GC: Disabled

Heap:
 garbage-first heap   total 262144K, used 13731K [0x0000000700c00000, 0x0000000800000000)
  region size 2048K, 6 young (12288K), 1 survivors (2048K)
 Metaspace       used 11080K, committed 11200K, reserved 1114112K
  class space    used 1359K, committed 1408K, reserved 1048576K

Heap Regions: E=young(eden), S=young(survivor), O=old, HS=humongous(starts), HC=humongous(continues), CS=collection set, F=free, OA=open archive, CA=closed archive, TAMS=top-at-mark-start (previous, next)
|   0|0x0000000700c00000, 0x0000000700e00000, 0x0000000700e00000|100%| O|  |TAMS 0x0000000700c00000, 0x0000000700c00000| Untracked 
|   1|0x0000000700e00000, 0x0000000700f7a000, 0x0000000701000000| 73%| O|  |TAMS 0x0000000700e00000, 0x0000000700e00000| Untracked 
|   2|0x0000000701000000, 0x0000000701000000, 0x0000000701200000|  0%| F|  |TAMS 0x0000000701000000, 0x0000000701000000| Untracked 
|   3|0x0000000701200000, 0x0000000701200000, 0x0000000701400000|  0%| F|  |TAMS 0x0000000701200000, 0x0000000701200000| Untracked 
|   4|0x0000000701400000, 0x0000000701400000, 0x0000000701600000|  0%| F|  |TAMS 0x0000000701400000, 0x0000000701400000| Untracked 
|   5|0x0000000701600000, 0x0000000701600000, 0x0000000701800000|  0%| F|  |TAMS 0x0000000701600000, 0x0000000701600000| Untracked 
|   6|0x0000000701800000, 0x0000000701800000, 0x0000000701a00000|  0%| F|  |TAMS 0x0000000701800000, 0x0000000701800000| Untracked 
|   7|0x0000000701a00000, 0x0000000701a00000, 0x0000000701c00000|  0%| F|  |TAMS 0x0000000701a00000, 0x0000000701a00000| Untracked 
|   8|0x0000000701c00000, 0x0000000701c00000, 0x0000000701e00000|  0%| F|  |TAMS 0x0000000701c00000, 0x0000000701c00000| Untracked 
|   9|0x0000000701e00000, 0x0000000701e00000, 0x0000000702000000|  0%| F|  |TAMS 0x0000000701e00000, 0x0000000701e00000| Untracked 
|  10|0x0000000702000000, 0x0000000702000000, 0x0000000702200000|  0%| F|  |TAMS 0x0000000702000000, 0x0000000702000000| Untracked 
|  11|0x0000000702200000, 0x0000000702200000, 0x0000000702400000|  0%| F|  |TAMS 0x0000000702200000, 0x0000000702200000| Untracked 
|  12|0x0000000702400000, 0x0000000702400000, 0x0000000702600000|  0%| F|  |TAMS 0x0000000702400000, 0x0000000702400000| Untracked 
|  13|0x0000000702600000, 0x0000000702600000, 0x0000000702800000|  0%| F|  |TAMS 0x0000000702600000, 0x0000000702600000| Untracked 
|  14|0x0000000702800000, 0x0000000702800000, 0x0000000702a00000|  0%| F|  |TAMS 0x0000000702800000, 0x0000000702800000| Untracked 
|  15|0x0000000702a00000, 0x0000000702a00000, 0x0000000702c00000|  0%| F|  |TAMS 0x0000000702a00000, 0x0000000702a00000| Untracked 
|  16|0x0000000702c00000, 0x0000000702c00000, 0x0000000702e00000|  0%| F|  |TAMS 0x0000000702c00000, 0x0000000702c00000| Untracked 
|  17|0x0000000702e00000, 0x0000000702e00000, 0x0000000703000000|  0%| F|  |TAMS 0x0000000702e00000, 0x0000000702e00000| Untracked 
|  18|0x0000000703000000, 0x0000000703000000, 0x0000000703200000|  0%| F|  |TAMS 0x0000000703000000, 0x0000000703000000| Untracked 
|  19|0x0000000703200000, 0x0000000703200000, 0x0000000703400000|  0%| F|  |TAMS 0x0000000703200000, 0x0000000703200000| Untracked 
|  20|0x0000000703400000, 0x0000000703400000, 0x0000000703600000|  0%| F|  |TAMS 0x0000000703400000, 0x0000000703400000| Untracked 
|  21|0x0000000703600000, 0x0000000703600000, 0x0000000703800000|  0%| F|  |TAMS 0x0000000703600000, 0x0000000703600000| Untracked 
|  22|0x0000000703800000, 0x0000000703800000, 0x0000000703a00000|  0%| F|  |TAMS 0x0000000703800000, 0x0000000703800000| Untracked 
|  23|0x0000000703a00000, 0x0000000703a00000, 0x0000000703c00000|  0%| F|  |TAMS 0x0000000703a00000, 0x0000000703a00000| Untracked 
|  24|0x0000000703c00000, 0x0000000703c00000, 0x0000000703e00000|  0%| F|  |TAMS 0x0000000703c00000, 0x0000000703c00000| Untracked 
|  25|0x0000000703e00000, 0x0000000703e00000, 0x0000000704000000|  0%| F|  |TAMS 0x0000000703e00000, 0x0000000703e00000| Untracked 
|  26|0x0000000704000000, 0x0000000704000000, 0x0000000704200000|  0%| F|  |TAMS 0x0000000704000000, 0x0000000704000000| Untracked 
|  27|0x0000000704200000, 0x0000000704200000, 0x0000000704400000|  0%| F|  |TAMS 0x0000000704200000, 0x0000000704200000| Untracked 
|  28|0x0000000704400000, 0x0000000704400000, 0x0000000704600000|  0%| F|  |TAMS 0x0000000704400000, 0x0000000704400000| Untracked 
|  29|0x0000000704600000, 0x0000000704600000, 0x0000000704800000|  0%| F|  |TAMS 0x0000000704600000, 0x0000000704600000| Untracked 
|  30|0x0000000704800000, 0x0000000704800000, 0x0000000704a00000|  0%| F|  |TAMS 0x0000000704800000, 0x0000000704800000| Untracked 
|  31|0x0000000704a00000, 0x0000000704a00000, 0x0000000704c00000|  0%| F|  |TAMS 0x0000000704a00000, 0x0000000704a00000| Untracked 
|  32|0x0000000704c00000, 0x0000000704c00000, 0x0000000704e00000|  0%| F|  |TAMS 0x0000000704c00000, 0x0000000704c00000| Untracked 
|  33|0x0000000704e00000, 0x0000000704e00000, 0x0000000705000000|  0%| F|  |TAMS 0x0000000704e00000, 0x0000000704e00000| Untracked 
|  34|0x0000000705000000, 0x0000000705000000, 0x0000000705200000|  0%| F|  |TAMS 0x0000000705000000, 0x0000000705000000| Untracked 
|  35|0x0000000705200000, 0x0000000705200000, 0x0000000705400000|  0%| F|  |TAMS 0x0000000705200000, 0x0000000705200000| Untracked 
|  36|0x0000000705400000, 0x0000000705400000, 0x0000000705600000|  0%| F|  |TAMS 0x0000000705400000, 0x0000000705400000| Untracked 
|  37|0x0000000705600000, 0x0000000705600000, 0x0000000705800000|  0%| F|  |TAMS 0x0000000705600000, 0x0000000705600000| Untracked 
|  38|0x0000000705800000, 0x0000000705800000, 0x0000000705a00000|  0%| F|  |TAMS 0x0000000705800000, 0x0000000705800000| Untracked 
|  39|0x0000000705a00000, 0x0000000705a00000, 0x0000000705c00000|  0%| F|  |TAMS 0x0000000705a00000, 0x0000000705a00000| Untracked 
|  40|0x0000000705c00000, 0x0000000705c00000, 0x0000000705e00000|  0%| F|  |TAMS 0x0000000705c00000, 0x0000000705c00000| Untracked 
|  41|0x0000000705e00000, 0x0000000705e00000, 0x0000000706000000|  0%| F|  |TAMS 0x0000000705e00000, 0x0000000705e00000| Untracked 
|  42|0x0000000706000000, 0x0000000706000000, 0x0000000706200000|  0%| F|  |TAMS 0x0000000706000000, 0x0000000706000000| Untracked 
|  43|0x0000000706200000, 0x0000000706200000, 0x0000000706400000|  0%| F|  |TAMS 0x0000000706200000, 0x0000000706200000| Untracked 
|  44|0x0000000706400000, 0x0000000706400000, 0x0000000706600000|  0%| F|  |TAMS 0x0000000706400000, 0x0000000706400000| Untracked 
|  45|0x0000000706600000, 0x0000000706600000, 0x0000000706800000|  0%| F|  |TAMS 0x0000000706600000, 0x0000000706600000| Untracked 
|  46|0x0000000706800000, 0x0000000706800000, 0x0000000706a00000|  0%| F|  |TAMS 0x0000000706800000, 0x0000000706800000| Untracked 
|  47|0x0000000706a00000, 0x0000000706a00000, 0x0000000706c00000|  0%| F|  |TAMS 0x0000000706a00000, 0x0000000706a00000| Untracked 
|  48|0x0000000706c00000, 0x0000000706c00000, 0x0000000706e00000|  0%| F|  |TAMS 0x0000000706c00000, 0x0000000706c00000| Untracked 
|  49|0x0000000706e00000, 0x0000000706e00000, 0x0000000707000000|  0%| F|  |TAMS 0x0000000706e00000, 0x0000000706e00000| Untracked 
|  50|0x0000000707000000, 0x0000000707000000, 0x0000000707200000|  0%| F|  |TAMS 0x0000000707000000, 0x0000000707000000| Untracked 
|  51|0x0000000707200000, 0x0000000707200000, 0x0000000707400000|  0%| F|  |TAMS 0x0000000707200000, 0x0000000707200000| Untracked 
|  52|0x0000000707400000, 0x0000000707400000, 0x0000000707600000|  0%| F|  |TAMS 0x0000000707400000, 0x0000000707400000| Untracked 
|  53|0x0000000707600000, 0x0000000707600000, 0x0000000707800000|  0%| F|  |TAMS 0x0000000707600000, 0x0000000707600000| Untracked 
|  54|0x0000000707800000, 0x0000000707800000, 0x0000000707a00000|  0%| F|  |TAMS 0x0000000707800000, 0x0000000707800000| Untracked 
|  55|0x0000000707a00000, 0x0000000707a00000, 0x0000000707c00000|  0%| F|  |TAMS 0x0000000707a00000, 0x0000000707a00000| Untracked 
|  56|0x0000000707c00000, 0x0000000707c00000, 0x0000000707e00000|  0%| F|  |TAMS 0x0000000707c00000, 0x0000000707c00000| Untracked 
|  57|0x0000000707e00000, 0x0000000707e00000, 0x0000000708000000|  0%| F|  |TAMS 0x0000000707e00000, 0x0000000707e00000| Untracked 
|  58|0x0000000708000000, 0x0000000708000000, 0x0000000708200000|  0%| F|  |TAMS 0x0000000708000000, 0x0000000708000000| Untracked 
|  59|0x0000000708200000, 0x0000000708200000, 0x0000000708400000|  0%| F|  |TAMS 0x0000000708200000, 0x0000000708200000| Untracked 
|  60|0x0000000708400000, 0x0000000708400000, 0x0000000708600000|  0%| F|  |TAMS 0x0000000708400000, 0x0000000708400000| Untracked 
|  61|0x0000000708600000, 0x0000000708600000, 0x0000000708800000|  0%| F|  |TAMS 0x0000000708600000, 0x0000000708600000| Untracked 
|  62|0x0000000708800000, 0x0000000708800000, 0x0000000708a00000|  0%| F|  |TAMS 0x0000000708800000, 0x0000000708800000| Untracked 
|  63|0x0000000708a00000, 0x0000000708a00000, 0x0000000708c00000|  0%| F|  |TAMS 0x0000000708a00000, 0x0000000708a00000| Untracked 
|  64|0x0000000708c00000, 0x0000000708c00000, 0x0000000708e00000|  0%| F|  |TAMS 0x0000000708c00000, 0x0000000708c00000| Untracked 
|  65|0x0000000708e00000, 0x0000000708e00000, 0x0000000709000000|  0%| F|  |TAMS 0x0000000708e00000, 0x0000000708e00000| Untracked 
|  66|0x0000000709000000, 0x0000000709000000, 0x0000000709200000|  0%| F|  |TAMS 0x0000000709000000, 0x0000000709000000| Untracked 
|  67|0x0000000709200000, 0x0000000709200000, 0x0000000709400000|  0%| F|  |TAMS 0x0000000709200000, 0x0000000709200000| Untracked 
|  68|0x0000000709400000, 0x0000000709400000, 0x0000000709600000|  0%| F|  |TAMS 0x0000000709400000, 0x0000000709400000| Untracked 
|  69|0x0000000709600000, 0x0000000709600000, 0x0000000709800000|  0%| F|  |TAMS 0x0000000709600000, 0x0000000709600000| Untracked 
|  70|0x0000000709800000, 0x0000000709800000, 0x0000000709a00000|  0%| F|  |TAMS 0x0000000709800000, 0x0000000709800000| Untracked 
|  71|0x0000000709a00000, 0x0000000709a00000, 0x0000000709c00000|  0%| F|  |TAMS 0x0000000709a00000, 0x0000000709a00000| Untracked 
|  72|0x0000000709c00000, 0x0000000709c00000, 0x0000000709e00000|  0%| F|  |TAMS 0x0000000709c00000, 0x0000000709c00000| Untracked 
|  73|0x0000000709e00000, 0x0000000709e00000, 0x000000070a000000|  0%| F|  |TAMS 0x0000000709e00000, 0x0000000709e00000| Untracked 
|  74|0x000000070a000000, 0x000000070a000000, 0x000000070a200000|  0%| F|  |TAMS 0x000000070a000000, 0x000000070a000000| Untracked 
|  75|0x000000070a200000, 0x000000070a200000, 0x000000070a400000|  0%| F|  |TAMS 0x000000070a200000, 0x000000070a200000| Untracked 
|  76|0x000000070a400000, 0x000000070a400000, 0x000000070a600000|  0%| F|  |TAMS 0x000000070a400000, 0x000000070a400000| Untracked 
|  77|0x000000070a600000, 0x000000070a600000, 0x000000070a800000|  0%| F|  |TAMS 0x000000070a600000, 0x000000070a600000| Untracked 
|  78|0x000000070a800000, 0x000000070a800000, 0x000000070aa00000|  0%| F|  |TAMS 0x000000070a800000, 0x000000070a800000| Untracked 
|  79|0x000000070aa00000, 0x000000070aa00000, 0x000000070ac00000|  0%| F|  |TAMS 0x000000070aa00000, 0x000000070aa00000| Untracked 
|  80|0x000000070ac00000, 0x000000070ac00000, 0x000000070ae00000|  0%| F|  |TAMS 0x000000070ac00000, 0x000000070ac00000| Untracked 
|  81|0x000000070ae00000, 0x000000070ae00000, 0x000000070b000000|  0%| F|  |TAMS 0x000000070ae00000, 0x000000070ae00000| Untracked 
|  82|0x000000070b000000, 0x000000070b000000, 0x000000070b200000|  0%| F|  |TAMS 0x000000070b000000, 0x000000070b000000| Untracked 
|  83|0x000000070b200000, 0x000000070b200000, 0x000000070b400000|  0%| F|  |TAMS 0x000000070b200000, 0x000000070b200000| Untracked 
|  84|0x000000070b400000, 0x000000070b400000, 0x000000070b600000|  0%| F|  |TAMS 0x000000070b400000, 0x000000070b400000| Untracked 
|  85|0x000000070b600000, 0x000000070b600000, 0x000000070b800000|  0%| F|  |TAMS 0x000000070b600000, 0x000000070b600000| Untracked 
|  86|0x000000070b800000, 0x000000070b800000, 0x000000070ba00000|  0%| F|  |TAMS 0x000000070b800000, 0x000000070b800000| Untracked 
|  87|0x000000070ba00000, 0x000000070ba00000, 0x000000070bc00000|  0%| F|  |TAMS 0x000000070ba00000, 0x000000070ba00000| Untracked 
|  88|0x000000070bc00000, 0x000000070bc00000, 0x000000070be00000|  0%| F|  |TAMS 0x000000070bc00000, 0x000000070bc00000| Untracked 
|  89|0x000000070be00000, 0x000000070be00000, 0x000000070c000000|  0%| F|  |TAMS 0x000000070be00000, 0x000000070be00000| Untracked 
|  90|0x000000070c000000, 0x000000070c000000, 0x000000070c200000|  0%| F|  |TAMS 0x000000070c000000, 0x000000070c000000| Untracked 
|  91|0x000000070c200000, 0x000000070c200000, 0x000000070c400000|  0%| F|  |TAMS 0x000000070c200000, 0x000000070c200000| Untracked 
|  92|0x000000070c400000, 0x000000070c400000, 0x000000070c600000|  0%| F|  |TAMS 0x000000070c400000, 0x000000070c400000| Untracked 
|  93|0x000000070c600000, 0x000000070c600000, 0x000000070c800000|  0%| F|  |TAMS 0x000000070c600000, 0x000000070c600000| Untracked 
|  94|0x000000070c800000, 0x000000070c800000, 0x000000070ca00000|  0%| F|  |TAMS 0x000000070c800000, 0x000000070c800000| Untracked 
|  95|0x000000070ca00000, 0x000000070ca00000, 0x000000070cc00000|  0%| F|  |TAMS 0x000000070ca00000, 0x000000070ca00000| Untracked 
|  96|0x000000070cc00000, 0x000000070cc00000, 0x000000070ce00000|  0%| F|  |TAMS 0x000000070cc00000, 0x000000070cc00000| Untracked 
|  97|0x000000070ce00000, 0x000000070ce00000, 0x000000070d000000|  0%| F|  |TAMS 0x000000070ce00000, 0x000000070ce00000| Untracked 
|  98|0x000000070d000000, 0x000000070d000000, 0x000000070d200000|  0%| F|  |TAMS 0x000000070d000000, 0x000000070d000000| Untracked 
|  99|0x000000070d200000, 0x000000070d200000, 0x000000070d400000|  0%| F|  |TAMS 0x000000070d200000, 0x000000070d200000| Untracked 
| 100|0x000000070d400000, 0x000000070d400000, 0x000000070d600000|  0%| F|  |TAMS 0x000000070d400000, 0x000000070d400000| Untracked 
| 101|0x000000070d600000, 0x000000070d600000, 0x000000070d800000|  0%| F|  |TAMS 0x000000070d600000, 0x000000070d600000| Untracked 
| 102|0x000000070d800000, 0x000000070d800000, 0x000000070da00000|  0%| F|  |TAMS 0x000000070d800000, 0x000000070d800000| Untracked 
| 103|0x000000070da00000, 0x000000070da00000, 0x000000070dc00000|  0%| F|  |TAMS 0x000000070da00000, 0x000000070da00000| Untracked 
| 104|0x000000070dc00000, 0x000000070dc00000, 0x000000070de00000|  0%| F|  |TAMS 0x000000070dc00000, 0x000000070dc00000| Untracked 
| 105|0x000000070de00000, 0x000000070de00000, 0x000000070e000000|  0%| F|  |TAMS 0x000000070de00000, 0x000000070de00000| Untracked 
| 106|0x000000070e000000, 0x000000070e000000, 0x000000070e200000|  0%| F|  |TAMS 0x000000070e000000, 0x000000070e000000| Untracked 
| 107|0x000000070e200000, 0x000000070e200000, 0x000000070e400000|  0%| F|  |TAMS 0x000000070e200000, 0x000000070e200000| Untracked 
| 108|0x000000070e400000, 0x000000070e400000, 0x000000070e600000|  0%| F|  |TAMS 0x000000070e400000, 0x000000070e400000| Untracked 
| 109|0x000000070e600000, 0x000000070e600000, 0x000000070e800000|  0%| F|  |TAMS 0x000000070e600000, 0x000000070e600000| Untracked 
| 110|0x000000070e800000, 0x000000070e9eee88, 0x000000070ea00000| 96%| S|CS|TAMS 0x000000070e800000, 0x000000070e800000| Complete 
| 111|0x000000070ea00000, 0x000000070ea00000, 0x000000070ec00000|  0%| F|  |TAMS 0x000000070ea00000, 0x000000070ea00000| Untracked 
| 112|0x000000070ec00000, 0x000000070ec00000, 0x000000070ee00000|  0%| F|  |TAMS 0x000000070ec00000, 0x000000070ec00000| Untracked 
| 113|0x000000070ee00000, 0x000000070ee00000, 0x000000070f000000|  0%| F|  |TAMS 0x000000070ee00000, 0x000000070ee00000| Untracked 
| 114|0x000000070f000000, 0x000000070f000000, 0x000000070f200000|  0%| F|  |TAMS 0x000000070f000000, 0x000000070f000000| Untracked 
| 115|0x000000070f200000, 0x000000070f200000, 0x000000070f400000|  0%| F|  |TAMS 0x000000070f200000, 0x000000070f200000| Untracked 
| 116|0x000000070f400000, 0x000000070f400000, 0x000000070f600000|  0%| F|  |TAMS 0x000000070f400000, 0x000000070f400000| Untracked 
| 117|0x000000070f600000, 0x000000070f600000, 0x000000070f800000|  0%| F|  |TAMS 0x000000070f600000, 0x000000070f600000| Untracked 
| 118|0x000000070f800000, 0x000000070f800000, 0x000000070fa00000|  0%| F|  |TAMS 0x000000070f800000, 0x000000070f800000| Untracked 
| 119|0x000000070fa00000, 0x000000070fa00000, 0x000000070fc00000|  0%| F|  |TAMS 0x000000070fa00000, 0x000000070fa00000| Untracked 
| 120|0x000000070fc00000, 0x000000070fc00000, 0x000000070fe00000|  0%| F|  |TAMS 0x000000070fc00000, 0x000000070fc00000| Untracked 
| 121|0x000000070fe00000, 0x000000070fe00000, 0x0000000710000000|  0%| F|  |TAMS 0x000000070fe00000, 0x000000070fe00000| Untracked 
| 122|0x0000000710000000, 0x0000000710000000, 0x0000000710200000|  0%| F|  |TAMS 0x0000000710000000, 0x0000000710000000| Untracked 
| 123|0x0000000710200000, 0x0000000710300e10, 0x0000000710400000| 50%| E|  |TAMS 0x0000000710200000, 0x0000000710200000| Complete 
| 124|0x0000000710400000, 0x0000000710600000, 0x0000000710600000|100%| E|CS|TAMS 0x0000000710400000, 0x0000000710400000| Complete 
| 125|0x0000000710600000, 0x0000000710800000, 0x0000000710800000|100%| E|CS|TAMS 0x0000000710600000, 0x0000000710600000| Complete 
| 126|0x0000000710800000, 0x0000000710a00000, 0x0000000710a00000|100%| E|CS|TAMS 0x0000000710800000, 0x0000000710800000| Complete 
| 127|0x0000000710a00000, 0x0000000710c00000, 0x0000000710c00000|100%| E|CS|TAMS 0x0000000710a00000, 0x0000000710a00000| Complete 

Card table byte_map: [0x00000196e6440000,0x00000196e6c40000] _byte_map_base: 0x00000196e2c3a000

Marking Bits (Prev, Next): (CMBitMap*) 0x00000196cf0bdcc0, (CMBitMap*) 0x00000196cf0bdd00
 Prev Bits: [0x00000196e7440000, 0x00000196eb410000)
 Next Bits: [0x00000196eb410000, 0x00000196ef3e0000)

Polling page: 0x00000196ce830000

Metaspace:

Usage:
  Non-class:      9.52 MB used.
      Class:      1.33 MB used.
       Both:     10.85 MB used.

Virtual space:
  Non-class space:       64.00 MB reserved,       9.62 MB ( 15%) committed,  1 nodes.
      Class space:        1.00 GB reserved,       1.44 MB ( <1%) committed,  1 nodes.
             Both:        1.06 GB reserved,      11.06 MB (  1%) committed. 

Chunk freelists:
   Non-Class:  4.92 MB
       Class:  14.61 MB
        Both:  19.53 MB

MaxMetaspaceSize: unlimited
CompressedClassSpaceSize: 1.00 GB
Initial GC threshold: 21.00 MB
Current GC threshold: 21.00 MB
CDS: on
MetaspaceReclaimPolicy: balanced
 - commit_granule_bytes: 65536.
 - commit_granule_words: 8192.
 - virtual_space_node_default_size: 8388608.
 - enlarge_chunks_in_place: 1.
 - new_chunks_are_fully_committed: 0.
 - uncommit_free_chunks: 1.
 - use_allocation_guard: 0.
 - handle_deallocations: 1.


Internal statistics:

num_allocs_failed_limit: 0.
num_arena_births: 64.
num_arena_deaths: 0.
num_vsnodes_births: 2.
num_vsnodes_deaths: 0.
num_space_committed: 177.
num_space_uncommitted: 0.
num_chunks_returned_to_freelist: 0.
num_chunks_taken_from_freelist: 459.
num_chunk_merges: 0.
num_chunk_splits: 307.
num_chunks_enlarged: 245.
num_purges: 0.
num_inconsistent_stats: 0.

CodeHeap 'non-profiled nmethods': size=120000Kb used=792Kb max_used=792Kb free=119207Kb
 bounds [0x00000196de3d0000, 0x00000196de640000, 0x00000196e5900000]
CodeHeap 'profiled nmethods': size=120000Kb used=3979Kb max_used=3979Kb free=116020Kb
 bounds [0x00000196d6900000, 0x00000196d6cf0000, 0x00000196dde30000]
CodeHeap 'non-nmethods': size=5760Kb used=1158Kb max_used=1192Kb free=4601Kb
 bounds [0x00000196dde30000, 0x00000196de0a0000, 0x00000196de3d0000]
 total_blobs=2470 nmethods=2026 adapters=356
 compilation: enabled
              stopped_count=0, restarted_count=0
 full_count=0

Compilation events (20 events):
Event: 1.016 Thread 0x00000196f1e47460 1903       3       java.lang.ClassLoader::checkName (37 bytes)
Event: 1.016 Thread 0x00000196f1e47460 nmethod 1903 0x00000196d6cb5c10 code [0x00000196d6cb5e60, 0x00000196d6cb68b8]
Event: 1.019 Thread 0x00000196f1e46ab0 1905       4       java.util.ArrayList::elementAt (4 bytes)
Event: 1.019 Thread 0x00000196f1e46ab0 nmethod 1905 0x00000196de48df10 code [0x00000196de48e080, 0x00000196de48e118]
Event: 1.021 Thread 0x00000196f1e47460 1906       1       java.util.concurrent.locks.AbstractOwnableSynchronizer::getExclusiveOwnerThread (5 bytes)
Event: 1.021 Thread 0x00000196f1e47460 nmethod 1906 0x00000196de48e210 code [0x00000196de48e3a0, 0x00000196de48e478]
Event: 1.021 Thread 0x00000196f1e47460 1907       3       jdk.internal.org.objectweb.asm.ByteVector::enlarge (51 bytes)
Event: 1.022 Thread 0x00000196f1e47460 nmethod 1907 0x00000196d6cb6c10 code [0x00000196d6cb6dc0, 0x00000196d6cb70e8]
Event: 1.022 Thread 0x00000196f1e47460 1909       3       java.lang.reflect.Proxy$ProxyBuilder::addElementTypes (33 bytes)
Event: 1.023 Thread 0x00000196f1e47460 nmethod 1909 0x00000196d6cb7210 code [0x00000196d6cb7420, 0x00000196d6cb7b28]
Event: 1.023 Thread 0x00000196f1e47460 1908       1       java.lang.reflect.Method::getSharedExceptionTypes (5 bytes)
Event: 1.023 Thread 0x00000196f1e47460 nmethod 1908 0x00000196de48e510 code [0x00000196de48e6a0, 0x00000196de48e778]
Event: 1.023 Thread 0x00000196f1e47460 1910       1       jdk.internal.org.objectweb.asm.SymbolTable::getClassName (5 bytes)
Event: 1.023 Thread 0x00000196f1e47460 nmethod 1910 0x00000196de48e810 code [0x00000196de48e9a0, 0x00000196de48ea78]
Event: 1.023 Thread 0x00000196f1e47460 1911       1       java.util.concurrent.locks.AbstractQueuedSynchronizer::getState (5 bytes)
Event: 1.023 Thread 0x00000196f1e47460 nmethod 1911 0x00000196de48eb10 code [0x00000196de48eca0, 0x00000196de48ed78]
Event: 1.023 Thread 0x00000196f1e47460 1912       3       java.util.ArrayList::isClear (21 bytes)
Event: 1.023 Thread 0x00000196f1e47460 nmethod 1912 0x00000196d6cb7e10 code [0x00000196d6cb7fa0, 0x00000196d6cb8138]
Event: 1.031 Thread 0x00000196f1e47460 1913       1       java.util.concurrent.locks.AbstractQueuedSynchronizer::setState (6 bytes)
Event: 1.031 Thread 0x00000196f1e47460 nmethod 1913 0x00000196de48ee10 code [0x00000196de48efa0, 0x00000196de48f078]

GC Heap History (4 events):
Event: 0.468 GC heap before
{Heap before GC invocations=0 (full 0):
 garbage-first heap   total 262144K, used 22528K [0x0000000700c00000, 0x0000000800000000)
  region size 2048K, 11 young (22528K), 0 survivors (0K)
 Metaspace       used 5401K, committed 5632K, reserved 1114112K
  class space    used 649K, committed 768K, reserved 1048576K
}
Event: 0.472 GC heap after
{Heap after GC invocations=1 (full 0):
 garbage-first heap   total 262144K, used 3813K [0x0000000700c00000, 0x0000000800000000)
  region size 2048K, 2 young (4096K), 2 survivors (4096K)
 Metaspace       used 5401K, committed 5632K, reserved 1114112K
  class space    used 649K, committed 768K, reserved 1048576K
}
Event: 0.914 GC heap before
{Heap before GC invocations=1 (full 0):
 garbage-first heap   total 262144K, used 34533K [0x0000000700c00000, 0x0000000800000000)
  region size 2048K, 17 young (34816K), 2 survivors (4096K)
 Metaspace       used 9646K, committed 9856K, reserved 1114112K
  class space    used 1177K, committed 1280K, reserved 1048576K
}
Event: 0.918 GC heap after
{Heap after GC invocations=2 (full 0):
 garbage-first heap   total 262144K, used 5539K [0x0000000700c00000, 0x0000000800000000)
  region size 2048K, 1 young (2048K), 1 survivors (2048K)
 Metaspace       used 9646K, committed 9856K, reserved 1114112K
  class space    used 1177K, committed 1280K, reserved 1048576K
}

Deoptimization events (20 events):
Event: 0.926 Thread 0x00000196cf051c00 DEOPT PACKING pc=0x00000196de4834fc sp=0x00000009ed4fd830
Event: 0.926 Thread 0x00000196cf051c00 DEOPT UNPACKING pc=0x00000196dde823a3 sp=0x00000009ed4fd7e0 mode 2
Event: 0.926 Thread 0x00000196cf051c00 Uncommon trap: trap_request=0xffffffd6 fr.pc=0x00000196de4834fc relative=0x000000000000015c
Event: 0.926 Thread 0x00000196cf051c00 Uncommon trap: reason=array_check action=maybe_recompile pc=0x00000196de4834fc method=java.util.stream.Nodes$FixedNodeBuilder.accept(Ljava/lang/Object;)V @ 28 c2
Event: 0.926 Thread 0x00000196cf051c00 DEOPT PACKING pc=0x00000196de4834fc sp=0x00000009ed4fd830
Event: 0.926 Thread 0x00000196cf051c00 DEOPT UNPACKING pc=0x00000196dde823a3 sp=0x00000009ed4fd7e0 mode 2
Event: 0.926 Thread 0x00000196cf051c00 Uncommon trap: trap_request=0xffffffd6 fr.pc=0x00000196de4834fc relative=0x000000000000015c
Event: 0.926 Thread 0x00000196cf051c00 Uncommon trap: reason=array_check action=maybe_recompile pc=0x00000196de4834fc method=java.util.stream.Nodes$FixedNodeBuilder.accept(Ljava/lang/Object;)V @ 28 c2
Event: 0.926 Thread 0x00000196cf051c00 DEOPT PACKING pc=0x00000196de4834fc sp=0x00000009ed4fd830
Event: 0.926 Thread 0x00000196cf051c00 DEOPT UNPACKING pc=0x00000196dde823a3 sp=0x00000009ed4fd7e0 mode 2
Event: 0.979 Thread 0x00000196cf051c00 Uncommon trap: trap_request=0xffffff45 fr.pc=0x00000196de413b14 relative=0x0000000000000274
Event: 0.979 Thread 0x00000196cf051c00 Uncommon trap: reason=unstable_if action=reinterpret pc=0x00000196de413b14 method=java.util.concurrent.ConcurrentHashMap.get(Ljava/lang/Object;)Ljava/lang/Object; @ 76 c2
Event: 0.979 Thread 0x00000196cf051c00 DEOPT PACKING pc=0x00000196de413b14 sp=0x00000009ed4fad90
Event: 0.979 Thread 0x00000196cf051c00 DEOPT UNPACKING pc=0x00000196dde823a3 sp=0x00000009ed4fad08 mode 2
Event: 0.999 Thread 0x00000196cf051c00 Uncommon trap: trap_request=0xffffff45 fr.pc=0x00000196de43de58 relative=0x00000000000001b8
Event: 0.999 Thread 0x00000196cf051c00 Uncommon trap: reason=unstable_if action=reinterpret pc=0x00000196de43de58 method=java.lang.ClassLoader.checkName(Ljava/lang/String;)Z @ 1 c2
Event: 0.999 Thread 0x00000196cf051c00 DEOPT PACKING pc=0x00000196de43de58 sp=0x00000009ed4fd440
Event: 0.999 Thread 0x00000196cf051c00 DEOPT UNPACKING pc=0x00000196dde823a3 sp=0x00000009ed4fd3d8 mode 2
Event: 1.031 Thread 0x00000196cf051c00 DEOPT PACKING pc=0x00000196d6c93384 sp=0x00000009ed4fd9c0
Event: 1.031 Thread 0x00000196cf051c00 DEOPT UNPACKING pc=0x00000196dde82b43 sp=0x00000009ed4fcf20 mode 0

Classes unloaded (0 events):
No events

Classes redefined (0 events):
No events

Internal exceptions (20 events):
Event: 0.135 Thread 0x00000196cf051c00 Exception <a 'sun/nio/fs/WindowsException'{0x00000007106d4ba8}> (0x00000007106d4ba8) 
thrown [s\open\src\hotspot\share\prims\jni.cpp, line 516]
Event: 0.135 Thread 0x00000196cf051c00 Exception <a 'sun/nio/fs/WindowsException'{0x00000007106d50a8}> (0x00000007106d50a8) 
thrown [s\open\src\hotspot\share\prims\jni.cpp, line 516]
Event: 0.135 Thread 0x00000196cf051c00 Exception <a 'sun/nio/fs/WindowsException'{0x00000007106d5560}> (0x00000007106d5560) 
thrown [s\open\src\hotspot\share\prims\jni.cpp, line 516]
Event: 0.149 Thread 0x00000196cf051c00 Exception <a 'java/lang/NoSuchMethodError'{0x00000007107523d8}: 'void java.lang.invoke.DirectMethodHandle$Holder.invokeStatic(java.lang.Object, java.lang.Object, java.lang.Object)'> (0x00000007107523d8) 
thrown [s\open\src\hotspot\share\interpreter\linkResolver.cpp, line 759]
Event: 0.155 Thread 0x00000196cf051c00 Exception <a 'java/lang/NoSuchMethodError'{0x00000007107ae770}: 'int java.lang.invoke.DirectMethodHandle$Holder.invokeStatic(java.lang.Object, java.lang.Object, int)'> (0x00000007107ae770) 
thrown [s\open\src\hotspot\share\interpreter\linkResolver.cpp, line 759]
Event: 0.199 Thread 0x00000196cf051c00 Exception <a 'java/lang/NoSuchMethodError'{0x0000000710523410}: 'java.lang.Object java.lang.invoke.DirectMethodHandle$Holder.invokeSpecialIFC(java.lang.Object, java.lang.Object, java.lang.Object, java.lang.Object)'> (0x0000000710523410) 
thrown [s\open\src\hotspot\share\interpreter\linkResolver.cpp, line 759]
Event: 0.328 Thread 0x00000196cf051c00 Exception <a 'java/lang/NoSuchMethodError'{0x000000070fec9c10}: 'void java.lang.invoke.DirectMethodHandle$Holder.invokeSpecial(java.lang.Object, java.lang.Object, java.lang.Object)'> (0x000000070fec9c10) 
thrown [s\open\src\hotspot\share\interpreter\linkResolver.cpp, line 759]
Event: 0.352 Thread 0x00000196cf051c00 Exception <a 'java/lang/NoSuchMethodError'{0x000000070fc21328}: 'java.lang.Object java.lang.invoke.DirectMethodHandle$Holder.invokeInterface(java.lang.Object, java.lang.Object)'> (0x000000070fc21328) 
thrown [s\open\src\hotspot\share\interpreter\linkResolver.cpp, line 759]
Event: 0.364 Thread 0x00000196cf051c00 Exception <a 'java/lang/NoSuchMethodError'{0x000000070fcc7480}: 'java.lang.Object java.lang.invoke.Invokers$Holder.invokeExact_MT(java.lang.Object, java.lang.Object, java.lang.Object, java.lang.Object, java.lang.Object, java.lang.Object)'> (0x000000070fcc7480) 
thrown [s\open\src\hotspot\share\interpreter\linkResolver.cpp, line 759]
Event: 0.366 Thread 0x00000196cf051c00 Exception <a 'java/lang/NoSuchMethodError'{0x000000070fcd8900}: 'int java.lang.invoke.DirectMethodHandle$Holder.invokeSpecialIFC(java.lang.Object, java.lang.Object, java.lang.Object, java.lang.Object, java.lang.Object)'> (0x000000070fcd8900) 
thrown [s\open\src\hotspot\share\interpreter\linkResolver.cpp, line 759]
Event: 0.399 Thread 0x00000196cf051c00 Exception <a 'java/lang/NoSuchMethodError'{0x000000070fa78cf8}: 'java.lang.Object java.lang.invoke.DirectMethodHandle$Holder.newInvokeSpecial(java.lang.Object, java.lang.Object, java.lang.Object, java.lang.Object, java.lang.Object)'> (0x000000070fa78cf8) 
thrown [s\open\src\hotspot\share\interpreter\linkResolver.cpp, line 759]
Event: 0.421 Thread 0x00000196cf051c00 Exception <a 'java/lang/NoSuchMethodError'{0x000000070fb78f48}: 'int java.lang.invoke.DirectMethodHandle$Holder.invokeStaticInit(java.lang.Object, java.lang.Object)'> (0x000000070fb78f48) 
thrown [s\open\src\hotspot\share\interpreter\linkResolver.cpp, line 759]
Event: 0.427 Thread 0x00000196cf051c00 Exception <a 'java/lang/NoClassDefFoundError'{0x000000070fbb0710}: javax/enterprise/inject/Typed> (0x000000070fbb0710) 
thrown [s\open\src\hotspot\share\classfile\systemDictionary.cpp, line 245]
Event: 0.594 Thread 0x00000196cf051c00 Exception <a 'java/lang/NoSuchMethodError'{0x00000007105f43b0}: 'java.lang.Object java.lang.invoke.DirectMethodHandle$Holder.invokeStaticInit(java.lang.Object)'> (0x00000007105f43b0) 
thrown [s\open\src\hotspot\share\interpreter\linkResolver.cpp, line 759]
Event: 0.974 Thread 0x00000196cf051c00 Exception <a 'java/lang/NoSuchMethodError'{0x0000000710629570}: 'void java.lang.invoke.DirectMethodHandle$Holder.invokeStaticInit(java.lang.Object, java.lang.Object, java.lang.Object)'> (0x0000000710629570) 
thrown [s\open\src\hotspot\share\interpreter\linkResolver.cpp, line 759]
Event: 0.978 Thread 0x00000196cf051c00 Exception <a 'java/lang/ExceptionInInitializerError'{0x0000000710654758}> (0x0000000710654758) 
thrown [s\open\src\hotspot\share\oops\instanceKlass.cpp, line 1216]
Event: 0.999 Thread 0x00000196cf051c00 Implicit null exception at 0x00000196de43dcaf to 0x00000196de43de4c
Event: 1.001 Thread 0x00000196cf051c00 Exception <a 'java/lang/NoSuchMethodError'{0x0000000710765698}: 'java.lang.Object java.lang.invoke.Invokers$Holder.invokeExact_MT(java.lang.Object, int, java.lang.Object)'> (0x0000000710765698) 
thrown [s\open\src\hotspot\share\interpreter\linkResolver.cpp, line 759]
Event: 1.009 Thread 0x00000196cf051c00 Exception <a 'java/lang/NoSuchMethodError'{0x00000007107c9608}: 'void java.lang.invoke.DirectMethodHandle$Holder.invokeStatic(java.lang.Object, java.lang.Object)'> (0x00000007107c9608) 
thrown [s\open\src\hotspot\share\interpreter\linkResolver.cpp, line 759]
Event: 1.011 Thread 0x00000196cf051c00 Exception <a 'java/lang/NoSuchMethodError'{0x00000007107d9260}: 'int java.lang.invoke.DirectMethodHandle$Holder.invokeSpecial(java.lang.Object, java.lang.Object, java.lang.Object, java.lang.Object)'> (0x00000007107d9260) 
thrown [s\open\src\hotspot\share\interpreter\linkResolver.cpp, line 759]

VM Operations (20 events):
Event: 0.124 Executing VM operation: HandshakeAllThreads
Event: 0.124 Executing VM operation: HandshakeAllThreads done
Event: 0.210 Executing VM operation: HandshakeAllThreads
Event: 0.210 Executing VM operation: HandshakeAllThreads done
Event: 0.468 Executing VM operation: G1CollectForAllocation
Event: 0.472 Executing VM operation: G1CollectForAllocation done
Event: 0.767 Executing VM operation: HandshakeAllThreads
Event: 0.767 Executing VM operation: HandshakeAllThreads done
Event: 0.785 Executing VM operation: HandshakeAllThreads
Event: 0.785 Executing VM operation: HandshakeAllThreads done
Event: 0.828 Executing VM operation: ICBufferFull
Event: 0.828 Executing VM operation: ICBufferFull done
Event: 0.914 Executing VM operation: G1CollectForAllocation
Event: 0.918 Executing VM operation: G1CollectForAllocation done
Event: 0.982 Executing VM operation: HandshakeAllThreads
Event: 0.982 Executing VM operation: HandshakeAllThreads done
Event: 1.028 Executing VM operation: HandshakeAllThreads
Event: 1.028 Executing VM operation: HandshakeAllThreads done
Event: 1.030 Executing VM operation: HandshakeAllThreads
Event: 1.030 Executing VM operation: HandshakeAllThreads done

Events (20 events):
Event: 0.829 loading class sun/reflect/generics/tree/VoidDescriptor
Event: 0.829 loading class sun/reflect/generics/tree/VoidDescriptor done
Event: 0.829 loading class sun/reflect/generics/tree/MethodTypeSignature
Event: 0.829 loading class sun/reflect/generics/tree/MethodTypeSignature done
Event: 0.878 loading class java/util/concurrent/CompletionService
Event: 0.878 loading class java/util/concurrent/CompletionService done
Event: 0.919 loading class sun/reflect/generics/repository/FieldRepository
Event: 0.919 loading class sun/reflect/generics/repository/FieldRepository done
Event: 0.928 loading class java/io/UncheckedIOException
Event: 0.928 loading class java/io/UncheckedIOException done
Event: 0.935 loading class java/nio/channels/OverlappingFileLockException
Event: 0.935 loading class java/nio/channels/OverlappingFileLockException done
Event: 0.936 loading class java/nio/channels/FileLock
Event: 0.936 loading class java/nio/channels/FileLock done
Event: 0.950 loading class java/nio/file/AccessDeniedException
Event: 0.950 loading class java/nio/file/AccessDeniedException done
Event: 0.976 loading class java/lang/ExceptionInInitializerError
Event: 0.976 loading class java/lang/ExceptionInInitializerError done
Event: 0.978 loading class jdk/internal/vm/annotation/ForceInline
Event: 0.979 loading class jdk/internal/vm/annotation/ForceInline done


Dynamic libraries:
0x00007ff6ff730000 - 0x00007ff6ff740000 	C:\Program Files\Java\jdk-17\bin\java.exe
0x00007ffe67890000 - 0x00007ffe67a87000 	C:\WINDOWS\SYSTEM32\ntdll.dll
0x00007ffe65d00000 - 0x00007ffe65dbd000 	C:\WINDOWS\System32\KERNEL32.DLL
0x00007ffe65440000 - 0x00007ffe65736000 	C:\WINDOWS\System32\KERNELBASE.dll
0x00007ffe65060000 - 0x00007ffe65160000 	C:\WINDOWS\System32\ucrtbase.dll
0x00007ffe5c530000 - 0x00007ffe5c54b000 	C:\Program Files\Java\jdk-17\bin\VCRUNTIME140.dll
0x00007ffe58930000 - 0x00007ffe58949000 	C:\Program Files\Java\jdk-17\bin\jli.dll
0x00007ffe65c50000 - 0x00007ffe65cfe000 	C:\WINDOWS\System32\ADVAPI32.dll
0x00007ffe66c60000 - 0x00007ffe66cfe000 	C:\WINDOWS\System32\msvcrt.dll
0x00007ffe66360000 - 0x00007ffe663fc000 	C:\WINDOWS\System32\sechost.dll
0x00007ffe65dc0000 - 0x00007ffe65ee6000 	C:\WINDOWS\System32\RPCRT4.dll
0x00007ffe66650000 - 0x00007ffe667ee000 	C:\WINDOWS\System32\USER32.dll
0x00007ffe65360000 - 0x00007ffe65382000 	C:\WINDOWS\System32\win32u.dll
0x00007ffe4ebc0000 - 0x00007ffe4ee5a000 	C:\WINDOWS\WinSxS\amd64_microsoft.windows.common-controls_6595b64144ccf1df_6.0.19041.3570_none_60bb2a3971f3e41a\COMCTL32.dll
0x00007ffe66180000 - 0x00007ffe661ac000 	C:\WINDOWS\System32\GDI32.dll
0x00007ffe65740000 - 0x00007ffe6585a000 	C:\WINDOWS\System32\gdi32full.dll
0x00007ffe64fc0000 - 0x00007ffe6505d000 	C:\WINDOWS\System32\msvcp_win.dll
0x00007ffe5c940000 - 0x00007ffe5c94a000 	C:\WINDOWS\SYSTEM32\VERSION.dll
0x00007ffe67690000 - 0x00007ffe676c0000 	C:\WINDOWS\System32\IMM32.DLL
0x00007ffe5c8d0000 - 0x00007ffe5c8dc000 	C:\Program Files\Java\jdk-17\bin\vcruntime140_1.dll
0x00007ffe47cf0000 - 0x00007ffe47d7e000 	C:\Program Files\Java\jdk-17\bin\msvcp140.dll
0x00007ffe3a2e0000 - 0x00007ffe3aebe000 	C:\Program Files\Java\jdk-17\bin\server\jvm.dll
0x00007ffe66400000 - 0x00007ffe66408000 	C:\WINDOWS\System32\PSAPI.DLL
0x00007ffe4e410000 - 0x00007ffe4e419000 	C:\WINDOWS\SYSTEM32\WSOCK32.dll
0x00007ffe5bac0000 - 0x00007ffe5bae7000 	C:\WINDOWS\SYSTEM32\WINMM.dll
0x00007ffe66420000 - 0x00007ffe6648b000 	C:\WINDOWS\System32\WS2_32.dll
0x00007ffe62df0000 - 0x00007ffe62e02000 	C:\WINDOWS\SYSTEM32\kernel.appcore.dll
0x00007ffe5c520000 - 0x00007ffe5c52a000 	C:\Program Files\Java\jdk-17\bin\jimage.dll
0x00007ffe5bd50000 - 0x00007ffe5bf34000 	C:\WINDOWS\SYSTEM32\DBGHELP.DLL
0x00007ffe53430000 - 0x00007ffe53464000 	C:\WINDOWS\SYSTEM32\dbgcore.DLL
0x00007ffe65860000 - 0x00007ffe658e2000 	C:\WINDOWS\System32\bcryptPrimitives.dll
0x00007ffe57b00000 - 0x00007ffe57b25000 	C:\Program Files\Java\jdk-17\bin\java.dll
0x00007ffe494d0000 - 0x00007ffe495a7000 	C:\Program Files\Java\jdk-17\bin\jsvml.dll
0x00007ffe66ee0000 - 0x00007ffe67624000 	C:\WINDOWS\System32\SHELL32.dll
0x00007ffe62ff0000 - 0x00007ffe6378b000 	C:\WINDOWS\SYSTEM32\windows.storage.dll
0x00007ffe658f0000 - 0x00007ffe65c44000 	C:\WINDOWS\System32\combase.dll
0x00007ffe648d0000 - 0x00007ffe648fd000 	C:\WINDOWS\SYSTEM32\Wldp.dll
0x00007ffe66d00000 - 0x00007ffe66dad000 	C:\WINDOWS\System32\SHCORE.dll
0x00007ffe65ef0000 - 0x00007ffe65f45000 	C:\WINDOWS\System32\shlwapi.dll
0x00007ffe64ea0000 - 0x00007ffe64ec5000 	C:\WINDOWS\SYSTEM32\profapi.dll
0x00007ffe5c4a0000 - 0x00007ffe5c4b9000 	C:\Program Files\Java\jdk-17\bin\net.dll
0x00007ffe5ee40000 - 0x00007ffe5ef4a000 	C:\WINDOWS\SYSTEM32\WINHTTP.dll
0x00007ffe64660000 - 0x00007ffe646ca000 	C:\WINDOWS\system32\mswsock.dll
0x00007ffe59760000 - 0x00007ffe59776000 	C:\Program Files\Java\jdk-17\bin\nio.dll
0x00007ffe58ed0000 - 0x00007ffe58ee8000 	C:\Program Files\Java\jdk-17\bin\zip.dll
0x0000000069ac0000 - 0x0000000069ae4000 	C:\Program Files\NetBeans-19\netbeans\java\maven\lib\jansi-native\Windows\x86_64\jansi.dll
0x00007ffe5c4e0000 - 0x00007ffe5c4f0000 	C:\Program Files\Java\jdk-17\bin\verify.dll

dbghelp: loaded successfully - version: 4.0.5 - missing functions: none
symbol engine: initialized successfully - sym options: 0x614 - pdb path: .;C:\Program Files\Java\jdk-17\bin;C:\WINDOWS\SYSTEM32;C:\WINDOWS\WinSxS\amd64_microsoft.windows.common-controls_6595b64144ccf1df_6.0.19041.3570_none_60bb2a3971f3e41a;C:\Program Files\Java\jdk-17\bin\server;C:\Program Files\NetBeans-19\netbeans\java\maven\lib\jansi-native\Windows\x86_64

VM Arguments:
jvm_args: -Dclassworlds.conf=C:\Program Files\NetBeans-19\netbeans\java\maven\bin\m2.conf -Dmaven.home=C:\Program Files\NetBeans-19\netbeans\java\maven -Dlibrary.jansi.path=C:\Program Files\NetBeans-19\netbeans\java\maven\lib\jansi-native -Dmaven.multiModuleProjectDirectory=C:\Users\Alina\Documents\NetBeansProjects\Electrocasnice 
java_command: org.codehaus.plexus.classworlds.launcher.Launcher -Dexec.vmArgs= -Dexec.args=${exec.vmArgs} -classpath %classpath ${exec.mainClass} ${exec.appArgs} -Dexec.executable=C:\Program Files\Java\jdk-17\bin\java.exe -Dexec.mainClass=com.mycompany.electrocasnice.TestElectrocasnice -Dexec.classpathScope=runtime -Dexec.appArgs= -Dmaven.ext.class.path=C:\Program Files\NetBeans-19\netbeans\java\maven-nblib\netbeans-eventspy.jar -Dfile.encoding=UTF-8 --no-transfer-progress process-classes org.codehaus.mojo:exec-maven-plugin:3.1.0:exec
java_class_path (initial): C:\Program Files\NetBeans-19\netbeans\java\maven\boot\plexus-classworlds-2.7.0.jar
Launcher Type: SUN_STANDARD

[Global flags]
     intx CICompilerCount                          = 4                                         {product} {ergonomic}
     uint ConcGCThreads                            = 2                                         {product} {ergonomic}
     uint G1ConcRefinementThreads                  = 8                                         {product} {ergonomic}
   size_t G1HeapRegionSize                         = 2097152                                   {product} {ergonomic}
    uintx GCDrainStackTargetSize                   = 64                                        {product} {ergonomic}
   size_t InitialHeapSize                          = 268435456                                 {product} {ergonomic}
   size_t MarkStackSize                            = 4194304                                   {product} {ergonomic}
   size_t MaxHeapSize                              = 4282384384                                {product} {ergonomic}
   size_t MaxNewSize                               = 2569011200                                {product} {ergonomic}
   size_t MinHeapDeltaBytes                        = 2097152                                   {product} {ergonomic}
   size_t MinHeapSize                              = 8388608                                   {product} {ergonomic}
    uintx NonNMethodCodeHeapSize                   = 5839372                                {pd product} {ergonomic}
    uintx NonProfiledCodeHeapSize                  = 122909434                              {pd product} {ergonomic}
    uintx ProfiledCodeHeapSize                     = 122909434                              {pd product} {ergonomic}
    uintx ReservedCodeCacheSize                    = 251658240                              {pd product} {ergonomic}
     bool SegmentedCodeCache                       = true                                      {product} {ergonomic}
   size_t SoftMaxHeapSize                          = 4282384384                             {manageable} {ergonomic}
     bool UseCompressedClassPointers               = true                           {product lp64_product} {ergonomic}
     bool UseCompressedOops                        = true                           {product lp64_product} {ergonomic}
     bool UseG1GC                                  = true                                      {product} {ergonomic}
     bool UseLargePagesIndividualAllocation        = false                                  {pd product} {ergonomic}

Logging:
Log output configuration:
 #0: stdout all=warning uptime,level,tags
 #1: stderr all=off uptime,level,tags

Environment Variables:
JAVA_HOME=C:\Program Files\Java\jdk-17
PATH=C:\Program Files\Common Files\Oracle\Java\javapath;C:\Program Files (x86)\Common Files\Oracle\Java\javapath;C:\WINDOWS\system32;C:\WINDOWS;C:\WINDOWS\System32\Wbem;C:\WINDOWS\System32\WindowsPowerShell\v1.0\;C:\WINDOWS\System32\OpenSSH\;D:\java\Windows Performance Toolkit\;C:\Users\Alina\AppData\Local\Microsoft\WindowsApps;D:\Microsoft VS Code\bin;D:\c++compiler\bin;
USERNAME=Alina
OS=Windows_NT
PROCESSOR_IDENTIFIER=AMD64 Family 23 Model 113 Stepping 0, AuthenticAMD



---------------  S Y S T E M  ---------------

OS:
 Windows 10 , 64 bit Build 19041 (10.0.19041.3570)
OS uptime: 3 days 22:15 hours
Hyper-V role detected

CPU: total 8 (initial active 8) (8 cores per cpu, 2 threads per core) family 23 model 113 stepping 0 microcode 0x0, cx8, cmov, fxsr, ht, mmx, 3dnowpref, sse, sse2, sse3, ssse3, sse4a, sse4.1, sse4.2, popcnt, lzcnt, tsc, tscinvbit, avx, avx2, aes, clmul, bmi1, bmi2, adx, sha, fma, vzeroupper, clflush, clflushopt, hv

Memory: 4k page, system-wide physical 16332M (2658M free)
TotalPageFile size 25799M (AvailPageFile size 6M)
current process WorkingSet (physical memory assigned to process): 111M, peak: 111M
current process commit charge ("private bytes"): 377M, peak: 378M

vm_info: Java HotSpot(TM) 64-Bit Server VM (17.0.8+9-LTS-211) for windows-amd64 JRE (17.0.8+9-LTS-211), built on Jun 14 2023 10:34:31 by "mach5one" with MS VC++ 17.1 (VS2022)

END.
